1817
1292
231
1735
1732
1730
1731
1729
1727
1728
1726
1725
1724
1723
1722
1720
1721
1719
1714
1715
1716
1717
1718
1713
1711
1712
1710
1709
1707
1708
1706
1704
1705
1703
1700
1701
1702
1699
1991
1992
2003
2004
2015
2016
2027
2028
1989
1990
2002
2013
2014
2026
2001
2025
2035
1987
1988
2000
2011
2012
2023
2024
1999
1985
1986
1997
1998
2009
2010
2021
2022
2034
1983
1984
1995
1996
2007
2008
2019
2020
2031
2032
2006
2029
2030
1981
1982
1993
1994
2005
2017
2018
1976
1977
1978
1979
1980
1971
1972
1973
1974
1975
1966
1967
1968
1969
1970
1961
1962
1963
1964
1965
1957
1958
1959
1960
1955
1956
1954
1953
1951
1952
1950
1949
1947
1948
1946
1945
1943
1944
1942
1941
1940
1937
1938
1939
1936
1934
1935
1931
1932
1933
1930
1928
1929
1927
1926
1925
1924
1923
1921
1922
1920
1919
1916
1917
1918
1915
1914
1913
1912
1910
1911
1909
1907
1908
1906
1905
1901
1902
1903
1904
1900
1898
1899
1897
1896
1895
1894
1893
1891
1892
1890
1126
1124
1041
1122
1251
451
1040
1019
1234
1232
1230
1231
1227
1225
1223
1221
1220
1219
1217
1215
1214
1213
1212
1209
426
425
424
423
422
421
417
415
413
412
411
1049
410
409
407
408
406
405
402
401
1008
1127
1047
398
399
396
395
1087
394
393
391
392
390
389
387
388
386
385
384
382
383
986
381
985
984
983
982
981
980
979
978
977
976
975
1696
1694
1651
1652
1657
1658
1639
1640
1645
1646
1662
1656
1650
1655
1649
1638
1644
1643
1637
1660
1659
1648
1654
1653
1647
1642
1641
1636
823
636
726
635
1552
1587
1528
1539
1623
661
962
961
1480
1459
1460
1479
1598
1586
1526
1622
1610
1597
1514
1550
1585
1538
1537
1525
1562
1561
1513
1549
1621
1609
1574
1573
960
959
816
958
815
814
813
540
570
745
1458
1478
1457
1477
1596
1584
1608
1560
1595
1583
1536
1524
1523
1535
630
1620
1559
1512
1511
1548
1619
812
956
957
955
811
810
809
660
629
512
539
568
569
690
628
721
511
720
689
1547
688
538
659
744
1607
1572
1571
954
1456
1455
1476
1475
953
951
952
808
807
806
719
743
805
509
510
537
566
567
658
718
508
600
1594
536
717
599
598
657
1582
535
1474
1454
1453
1473
1522
1546
1618
1606
1593
1510
1545
1581
1534
1509
1521
1558
1533
1617
627
1569
1570
1557
1605
804
950
949
803
802
948
507
716
742
801
506
565
687
715
741
534
564
596
597
714
656
686
685
595
563
626
505
625
533
655
947
946
945
654
713
1452
1451
1472
1471
712
931
932
800
919
920
798
799
797
943
944
653
740
504
532
562
624
503
561
594
623
684
711
502
531
560
593
622
683
710
592
682
1450
652
739
651
1470
1469
1449
918
942
930
929
796
941
917
795
794
793
650
709
501
559
621
681
499
500
590
591
620
680
530
708
738
589
679
529
619
528
557
558
737
649
940
792
939
928
916
927
791
915
790
789
648
498
707
736
497
527
647
678
706
496
555
556
588
618
705
677
526
587
617
676
586
735
616
646
1468
1448
1447
1467
525
495
914
926
925
788
913
938
787
786
785
937
494
524
554
615
645
704
584
585
613
614
675
703
734
493
674
523
583
673
733
553
644
643
912
924
936
923
935
911
1446
1466
1445
1465
784
1592
783
1580
1604
1616
1603
1591
1508
1532
1579
1544
782
781
1531
1520
1519
1568
1555
1556
1507
1543
1615
1567
922
910
934
921
909
933
1444
1443
1464
1463
780
1442
1462
1602
1554
1566
1590
1614
1441
1506
1578
1461
779
778
1589
777
1553
1613
1518
1530
1542
1517
1529
1601
1505
1565
1577
1541
1392
1439
1440
1403
1404
1416
1427
1428
1415
1391
1504
854
872
776
884
908
775
773
774
866
907
895
896
1503
1502
1426
1390
1438
1501
1402
1499
1500
1498
1414
1496
1497
1495
1401
1494
1437
1389
1425
1413
853
865
883
1493
894
871
771
772
864
881
882
852
906
770
893
905
769
851
863
1492
1424
1388
1436
1491
1435
1488
1489
1490
1400
1387
1423
1487
1412
1486
1399
1485
1483
1484
1411
892
850
891
870
768
880
879
862
904
766
767
849
861
765
903
1434
1398
1386
1433
1385
1397
1422
1410
1421
1409
764
848
878
902
860
763
869
877
890
762
859
901
761
847
889
888
868
846
876
858
900
875
887
857
899
845
1420
1396
1432
1384
1395
1408
1431
1383
1419
1407
886
844
874
856
873
898
867
843
855
897
885
1430
1394
1429
1418
1382
1381
1406
1393
1405
1417
1380
1379
1378
1377
1376
1375
1371
1372
1373
1374
1368
1369
1370
1367
1366
1365
1364
1363
1359
1360
1361
1362
1358
1357
1355
1356
1354
1353
1352
1351
842
841
840
839
838
837
836
1350
1349
1346
1347
1348
1345
1344
835
make features finished
1098

1248
301.0 1.0 24123660.0 900.0